2026-03-02 14:50:55,059 - INFO - Loading long-read data from local file: genome-dashboard/data_bacteria.json.gz
2026-03-02 14:50:55,454 - INFO -   Loaded 113,472 long-read runs (0 skipped — no biosample ID)
2026-03-02 14:50:55,544 - INFO - Long-read: 113,472 runs across 93,246 unique biosamples
2026-03-02 14:50:55,544 - INFO - Fetching short-read runs for tax_id=2...
2026-03-02 14:53:16,884 - INFO -   ILLUMINA: 3,760,870 runs fetched
2026-03-02 14:53:19,564 - INFO -   ION_TORRENT: 16,864 runs fetched
2026-03-02 14:53:20,618 - INFO -   BGISEQ: 9,435 runs fetched
2026-03-02 14:53:24,721 - INFO -   LS454: 21,962 runs fetched
2026-03-02 14:53:25,451 - INFO -   COMPLETE_GENOMICS: 1,234 runs fetched
2026-03-02 14:53:30,557 - INFO - Short-read: 3,810,365 runs across 3,614,473 unique biosamples
2026-03-02 14:53:30,971 - INFO - Hybrid biosamples (long ∩ short): 37,611
2026-03-02 14:53:32,743 - INFO - Results saved to genome-dashboard/hybrid_wgs.json.gz
2026-03-02 14:53:32,743 - INFO - Done in 157.7s — 37,611 hybrid biosamples written.
2026-03-02 14:53:33,759 - INFO - Loading long-read data from local file: genome-dashboard/data_metagenome.json.gz
2026-03-02 14:53:34,454 - INFO -   Loaded 201,405 long-read runs (0 skipped — no biosample ID)
2026-03-02 14:53:34,644 - INFO - Long-read: 201,405 runs across 175,690 unique biosamples
2026-03-02 14:53:34,644 - INFO - Fetching short-read runs for tax_id=408169...
2026-03-02 14:58:04,949 - WARNING -   ILLUMINA attempt 1 failed: Expecting ',' delimiter: line 16309730 column 190 (char 1912127697). Retrying in 5s...
2026-03-02 15:02:58,529 - INFO -   ILLUMINA: 8,491,953 runs fetched
2026-03-02 15:03:10,854 - INFO -   ION_TORRENT: 197,015 runs fetched
2026-03-02 15:03:13,058 - INFO -   BGISEQ: 32,386 runs fetched
2026-03-02 15:03:33,241 - INFO -   LS454: 305,216 runs fetched
2026-03-02 15:03:33,878 - INFO -   COMPLETE_GENOMICS: 625 runs fetched
2026-03-02 15:03:46,636 - INFO - Short-read: 9,027,195 runs across 7,797,737 unique biosamples
2026-03-02 15:03:47,560 - INFO - Hybrid biosamples (long ∩ short): 8,927
2026-03-02 15:03:48,055 - INFO - Results saved to genome-dashboard/hybrid_mgx.json.gz
2026-03-02 15:03:48,055 - INFO - Done in 614.3s — 8,927 hybrid biosamples written.
2026-03-08 01:46:19,365 - INFO - Loading long-read data from local file: genome-dashboard/data_bacteria.json.gz
2026-03-08 01:46:19,758 - INFO -   Loaded 113,483 long-read runs (0 skipped — no biosample ID)
2026-03-08 01:46:19,833 - INFO - Long-read: 113,483 runs across 93,257 unique biosamples
2026-03-08 01:46:19,833 - INFO - Fetching short-read runs for tax_id=2...
2026-03-08 01:48:10,250 - INFO -   ILLUMINA: 3,763,629 runs fetched
2026-03-08 01:48:13,311 - INFO -   ION_TORRENT: 16,864 runs fetched
2026-03-08 01:48:15,213 - INFO -   BGISEQ: 9,435 runs fetched
2026-03-08 01:48:18,425 - INFO -   LS454: 21,962 runs fetched
2026-03-08 01:48:19,577 - INFO -   COMPLETE_GENOMICS: 1,236 runs fetched
2026-03-08 01:48:24,316 - INFO - Short-read: 3,813,126 runs across 3,616,058 unique biosamples
2026-03-08 01:48:24,705 - INFO - Hybrid biosamples (long ∩ short): 37,617
2026-03-08 01:48:26,454 - INFO - Results saved to genome-dashboard/hybrid_wgs.json.gz
2026-03-08 01:48:26,454 - INFO - Done in 127.1s — 37,617 hybrid biosamples written.
2026-03-08 01:48:27,438 - INFO - Loading long-read data from local file: genome-dashboard/data_metagenome.json.gz
2026-03-08 01:48:28,117 - INFO -   Loaded 201,463 long-read runs (0 skipped — no biosample ID)
2026-03-08 01:48:28,281 - INFO - Long-read: 201,463 runs across 175,748 unique biosamples
2026-03-08 01:48:28,281 - INFO - Fetching short-read runs for tax_id=408169...
2026-03-08 01:52:49,669 - INFO -   ILLUMINA: 8,494,923 runs fetched
2026-03-08 01:52:58,715 - INFO -   ION_TORRENT: 197,015 runs fetched
2026-03-08 01:53:00,786 - INFO -   BGISEQ: 32,386 runs fetched
2026-03-08 01:53:14,639 - INFO -   LS454: 305,216 runs fetched
2026-03-08 01:53:15,671 - INFO -   COMPLETE_GENOMICS: 625 runs fetched
2026-03-08 01:53:26,927 - INFO - Short-read: 9,030,165 runs across 7,799,385 unique biosamples
2026-03-08 01:53:27,772 - INFO - Hybrid biosamples (long ∩ short): 8,931
2026-03-08 01:53:28,247 - INFO - Results saved to genome-dashboard/hybrid_mgx.json.gz
2026-03-08 01:53:28,247 - INFO - Done in 300.8s — 8,931 hybrid biosamples written.
2026-03-15 01:57:46,362 - INFO - Loading long-read data from local file: genome-dashboard/data_bacteria.json.gz
2026-03-15 01:57:46,760 - INFO -   Loaded 114,335 long-read runs (0 skipped — no biosample ID)
2026-03-15 01:57:46,836 - INFO - Long-read: 114,335 runs across 93,486 unique biosamples
2026-03-15 01:57:46,836 - INFO - Fetching short-read runs for tax_id=2...
2026-03-15 01:59:36,505 - INFO -   ILLUMINA: 3,769,718 runs fetched
2026-03-15 01:59:40,410 - INFO -   ION_TORRENT: 16,864 runs fetched
2026-03-15 01:59:43,040 - INFO -   BGISEQ: 9,435 runs fetched
2026-03-15 01:59:46,209 - INFO -   LS454: 21,962 runs fetched
2026-03-15 01:59:47,480 - INFO -   COMPLETE_GENOMICS: 1,236 runs fetched
2026-03-15 01:59:52,224 - INFO - Short-read: 3,819,215 runs across 3,621,082 unique biosamples
2026-03-15 01:59:52,615 - INFO - Hybrid biosamples (long ∩ short): 37,703
2026-03-15 01:59:54,393 - INFO - Results saved to genome-dashboard/hybrid_wgs.json.gz
2026-03-15 01:59:54,394 - INFO - Done in 128.0s — 37,703 hybrid biosamples written.
2026-03-15 01:59:55,382 - INFO - Loading long-read data from local file: genome-dashboard/data_metagenome.json.gz
2026-03-15 01:59:56,047 - INFO -   Loaded 201,718 long-read runs (0 skipped — no biosample ID)
2026-03-15 01:59:56,205 - INFO - Long-read: 201,718 runs across 175,964 unique biosamples
2026-03-15 01:59:56,205 - INFO - Fetching short-read runs for tax_id=408169...
2026-03-15 02:04:44,426 - INFO -   ILLUMINA: 8,507,756 runs fetched
2026-03-15 02:04:53,710 - INFO -   ION_TORRENT: 197,416 runs fetched
2026-03-15 02:04:56,071 - INFO -   BGISEQ: 32,386 runs fetched
2026-03-15 02:05:06,925 - INFO -   LS454: 305,216 runs fetched
2026-03-15 02:05:08,077 - INFO -   COMPLETE_GENOMICS: 625 runs fetched
2026-03-15 02:05:19,604 - INFO - Short-read: 9,043,399 runs across 7,808,911 unique biosamples
2026-03-15 02:05:20,504 - INFO - Hybrid biosamples (long ∩ short): 8,930
2026-03-15 02:05:20,982 - INFO - Results saved to genome-dashboard/hybrid_mgx.json.gz
2026-03-15 02:05:20,982 - INFO - Done in 325.6s — 8,930 hybrid biosamples written.
2026-03-22 01:51:30,871 - INFO - Loading long-read data from local file: genome-dashboard/data_bacteria.json.gz
2026-03-22 01:51:31,216 - INFO -   Loaded 114,469 long-read runs (0 skipped — no biosample ID)
2026-03-22 01:51:31,295 - INFO - Long-read: 114,469 runs across 93,605 unique biosamples
2026-03-22 01:51:31,295 - INFO - Fetching short-read runs for tax_id=2...
2026-03-22 01:52:03,221 - WARNING -   ILLUMINA attempt 1 failed: Expecting ':' delimiter: line 2059762 column 220 (char 242606473). Retrying in 5s...
2026-03-22 01:53:57,468 - INFO -   ILLUMINA: 3,771,744 runs fetched
2026-03-22 01:54:01,123 - INFO -   ION_TORRENT: 16,864 runs fetched
2026-03-22 01:54:03,033 - INFO -   BGISEQ: 9,435 runs fetched
2026-03-22 01:54:05,660 - INFO -   LS454: 21,962 runs fetched
2026-03-22 01:54:06,655 - INFO -   COMPLETE_GENOMICS: 1,236 runs fetched
2026-03-22 01:54:12,466 - INFO - Short-read: 3,821,241 runs across 3,622,977 unique biosamples
2026-03-22 01:54:12,922 - INFO - Hybrid biosamples (long ∩ short): 37,776
2026-03-22 01:54:14,803 - INFO - Results saved to genome-dashboard/hybrid_wgs.json.gz
2026-03-22 01:54:14,803 - INFO - Done in 163.9s — 37,776 hybrid biosamples written.
2026-03-22 01:54:15,625 - INFO - Loading long-read data from local file: genome-dashboard/data_metagenome.json.gz
2026-03-22 01:54:16,230 - INFO -   Loaded 201,839 long-read runs (0 skipped — no biosample ID)
2026-03-22 01:54:16,397 - INFO - Long-read: 201,839 runs across 176,069 unique biosamples
2026-03-22 01:54:16,397 - INFO - Fetching short-read runs for tax_id=408169...
2026-03-22 01:58:50,311 - INFO -   ILLUMINA: 8,514,175 runs fetched
2026-03-22 01:59:01,449 - INFO -   ION_TORRENT: 197,416 runs fetched
2026-03-22 01:59:03,769 - INFO -   BGISEQ: 32,386 runs fetched
2026-03-22 01:59:19,955 - INFO -   LS454: 305,216 runs fetched
2026-03-22 01:59:20,840 - INFO -   COMPLETE_GENOMICS: 625 runs fetched
2026-03-22 01:59:34,609 - INFO - Short-read: 9,049,818 runs across 7,811,276 unique biosamples
2026-03-22 01:59:35,609 - INFO - Hybrid biosamples (long ∩ short): 8,930
2026-03-22 01:59:36,119 - INFO - Results saved to genome-dashboard/hybrid_mgx.json.gz
2026-03-22 01:59:36,119 - INFO - Done in 320.5s — 8,930 hybrid biosamples written.
2026-03-29 01:59:56,785 - INFO - Loading long-read data from local file: genome-dashboard/data_bacteria.json.gz
2026-03-29 01:59:57,155 - INFO -   Loaded 114,845 long-read runs (0 skipped — no biosample ID)
2026-03-29 01:59:57,240 - INFO - Long-read: 114,845 runs across 93,976 unique biosamples
2026-03-29 01:59:57,240 - INFO - Fetching short-read runs for tax_id=2...
2026-03-29 02:01:49,706 - INFO -   ILLUMINA: 3,778,182 runs fetched
2026-03-29 02:01:54,302 - INFO -   ION_TORRENT: 16,889 runs fetched
2026-03-29 02:01:56,305 - INFO -   BGISEQ: 9,452 runs fetched
2026-03-29 02:01:59,573 - INFO -   LS454: 21,962 runs fetched
2026-03-29 02:02:01,001 - INFO -   COMPLETE_GENOMICS: 1,236 runs fetched
2026-03-29 02:02:06,003 - INFO - Short-read: 3,827,721 runs across 3,629,345 unique biosamples
2026-03-29 02:02:06,405 - INFO - Hybrid biosamples (long ∩ short): 37,857
2026-03-29 02:02:08,159 - INFO - Results saved to genome-dashboard/hybrid_wgs.json.gz
2026-03-29 02:02:08,159 - INFO - Done in 131.4s — 37,857 hybrid biosamples written.
2026-03-29 02:02:09,176 - INFO - Loading long-read data from local file: genome-dashboard/data_metagenome.json.gz
2026-03-29 02:02:09,847 - INFO -   Loaded 210,899 long-read runs (0 skipped — no biosample ID)
2026-03-29 02:02:10,029 - INFO - Long-read: 210,899 runs across 182,874 unique biosamples
2026-03-29 02:02:10,029 - INFO - Fetching short-read runs for tax_id=408169...
2026-03-29 02:06:53,184 - INFO -   ILLUMINA: 8,554,179 runs fetched
2026-03-29 02:07:04,775 - INFO -   ION_TORRENT: 197,775 runs fetched
2026-03-29 02:07:07,154 - INFO -   BGISEQ: 32,488 runs fetched
2026-03-29 02:07:26,101 - INFO -   LS454: 305,217 runs fetched
2026-03-29 02:07:27,010 - INFO -   COMPLETE_GENOMICS: 625 runs fetched
2026-03-29 02:07:39,165 - INFO - Short-read: 9,090,284 runs across 7,847,611 unique biosamples
2026-03-29 02:07:40,085 - INFO - Hybrid biosamples (long ∩ short): 8,939
2026-03-29 02:07:40,568 - INFO - Results saved to genome-dashboard/hybrid_mgx.json.gz
2026-03-29 02:07:40,568 - INFO - Done in 331.4s — 8,939 hybrid biosamples written.
2026-04-05 02:03:00,965 - INFO - Loading long-read data from local file: genome-dashboard/data_bacteria.json.gz
2026-04-05 02:03:01,337 - INFO -   Loaded 115,408 long-read runs (0 skipped — no biosample ID)
2026-04-05 02:03:01,421 - INFO - Long-read: 115,408 runs across 94,423 unique biosamples
2026-04-05 02:03:01,421 - INFO - Fetching short-read runs for tax_id=2...
2026-04-05 02:04:59,514 - INFO -   ILLUMINA: 3,786,364 runs fetched
2026-04-05 02:05:02,943 - INFO -   ION_TORRENT: 16,889 runs fetched
2026-04-05 02:05:04,647 - INFO -   BGISEQ: 9,454 runs fetched
2026-04-05 02:05:09,577 - INFO -   LS454: 21,962 runs fetched
2026-04-05 02:05:10,916 - INFO -   COMPLETE_GENOMICS: 1,236 runs fetched
2026-04-05 02:05:15,844 - INFO - Short-read: 3,835,905 runs across 3,637,462 unique biosamples
2026-04-05 02:05:16,248 - INFO - Hybrid biosamples (long ∩ short): 38,078
2026-04-05 02:05:18,030 - INFO - Results saved to genome-dashboard/hybrid_wgs.json.gz
2026-04-05 02:05:18,030 - INFO - Done in 137.1s — 38,078 hybrid biosamples written.
2026-04-05 02:05:19,039 - INFO - Loading long-read data from local file: genome-dashboard/data_metagenome.json.gz
2026-04-05 02:05:19,704 - INFO -   Loaded 214,720 long-read runs (0 skipped — no biosample ID)
2026-04-05 02:05:19,880 - INFO - Long-read: 214,720 runs across 186,227 unique biosamples
2026-04-05 02:05:19,880 - INFO - Fetching short-read runs for tax_id=408169...
2026-04-05 02:08:46,451 - WARNING -   ILLUMINA attempt 1 failed: Expecting ':' delimiter: line 12839822 column 188 (char 1505554377). Retrying in 5s...
2026-04-05 02:13:18,322 - INFO -   ILLUMINA: 8,601,838 runs fetched
2026-04-05 02:13:27,110 - INFO -   ION_TORRENT: 197,868 runs fetched
2026-04-05 02:13:29,285 - INFO -   BGISEQ: 32,508 runs fetched
2026-04-05 02:13:39,190 - INFO -   LS454: 305,217 runs fetched
2026-04-05 02:13:40,019 - INFO -   COMPLETE_GENOMICS: 625 runs fetched
2026-04-05 02:13:51,806 - INFO - Short-read: 9,138,056 runs across 7,875,263 unique biosamples
2026-04-05 02:13:52,711 - INFO - Hybrid biosamples (long ∩ short): 9,166
2026-04-05 02:13:53,223 - INFO - Results saved to genome-dashboard/hybrid_mgx.json.gz
2026-04-05 02:13:53,223 - INFO - Done in 514.2s — 9,166 hybrid biosamples written.
2026-04-12 02:06:01,770 - INFO - Loading long-read data from local file: genome-dashboard/data_bacteria.json.gz
2026-04-12 02:06:02,151 - INFO -   Loaded 115,509 long-read runs (0 skipped — no biosample ID)
2026-04-12 02:06:02,237 - INFO - Long-read: 115,509 runs across 94,522 unique biosamples
2026-04-12 02:06:02,237 - INFO - Fetching short-read runs for tax_id=2...
2026-04-12 02:08:00,734 - INFO -   ILLUMINA: 3,787,434 runs fetched
2026-04-12 02:08:04,101 - INFO -   ION_TORRENT: 16,889 runs fetched
2026-04-12 02:08:05,658 - INFO -   BGISEQ: 9,454 runs fetched
2026-04-12 02:08:08,095 - INFO -   LS454: 21,962 runs fetched
2026-04-12 02:08:08,821 - INFO -   COMPLETE_GENOMICS: 1,236 runs fetched
2026-04-12 02:08:14,344 - INFO - Short-read: 3,836,975 runs across 3,638,525 unique biosamples
2026-04-12 02:08:14,764 - INFO - Hybrid biosamples (long ∩ short): 38,092
2026-04-12 02:08:16,590 - INFO - Results saved to genome-dashboard/hybrid_wgs.json.gz
2026-04-12 02:08:16,591 - INFO - Done in 134.8s — 38,092 hybrid biosamples written.
2026-04-12 02:08:17,715 - INFO - Loading long-read data from local file: genome-dashboard/data_metagenome.json.gz
2026-04-12 02:08:18,393 - INFO -   Loaded 214,773 long-read runs (0 skipped — no biosample ID)
2026-04-12 02:08:18,591 - INFO - Long-read: 214,773 runs across 186,280 unique biosamples
2026-04-12 02:08:18,592 - INFO - Fetching short-read runs for tax_id=408169...
2026-04-12 02:13:06,856 - INFO -   ILLUMINA: 8,608,550 runs fetched
2026-04-12 02:13:16,572 - INFO -   ION_TORRENT: 197,868 runs fetched
2026-04-12 02:13:18,675 - INFO -   BGISEQ: 32,888 runs fetched
2026-04-12 02:13:34,528 - INFO -   LS454: 305,217 runs fetched
2026-04-12 02:13:35,676 - INFO -   COMPLETE_GENOMICS: 625 runs fetched
2026-04-12 02:13:49,857 - INFO - Short-read: 9,145,148 runs across 7,881,620 unique biosamples
2026-04-12 02:13:50,885 - INFO - Hybrid biosamples (long ∩ short): 9,166
2026-04-12 02:13:51,388 - INFO - Results saved to genome-dashboard/hybrid_mgx.json.gz
2026-04-12 02:13:51,388 - INFO - Done in 333.7s — 9,166 hybrid biosamples written.
2026-04-19 02:10:09,429 - INFO - Loading long-read data from local file: genome-dashboard/data_bacteria.json.gz
2026-04-19 02:10:09,739 - INFO -   Loaded 116,344 long-read runs (0 skipped — no biosample ID)
2026-04-19 02:10:09,808 - INFO - Long-read: 116,344 runs across 95,337 unique biosamples
2026-04-19 02:10:09,808 - INFO - Fetching short-read runs for tax_id=2...
2026-04-19 02:12:05,871 - INFO -   ILLUMINA: 3,805,170 runs fetched
2026-04-19 02:12:09,414 - INFO -   ION_TORRENT: 16,889 runs fetched
2026-04-19 02:12:11,613 - INFO -   BGISEQ: 9,475 runs fetched
2026-04-19 02:12:14,845 - INFO -   LS454: 21,962 runs fetched
2026-04-19 02:12:16,099 - INFO -   COMPLETE_GENOMICS: 1,236 runs fetched
2026-04-19 02:12:21,032 - INFO - Short-read: 3,854,732 runs across 3,656,171 unique biosamples
2026-04-19 02:12:21,415 - INFO - Hybrid biosamples (long ∩ short): 38,865
2026-04-19 02:12:22,889 - INFO - Results saved to genome-dashboard/hybrid_wgs.json.gz
2026-04-19 02:12:22,889 - INFO - Done in 133.5s — 38,865 hybrid biosamples written.
2026-04-19 02:12:23,825 - INFO - Loading long-read data from local file: genome-dashboard/data_metagenome.json.gz
2026-04-19 02:12:24,410 - INFO -   Loaded 215,407 long-read runs (0 skipped — no biosample ID)
2026-04-19 02:12:24,570 - INFO - Long-read: 215,407 runs across 186,840 unique biosamples
2026-04-19 02:12:24,570 - INFO - Fetching short-read runs for tax_id=408169...
2026-04-19 02:17:06,891 - INFO -   ILLUMINA: 8,632,758 runs fetched
2026-04-19 02:17:15,788 - INFO -   ION_TORRENT: 197,937 runs fetched
2026-04-19 02:17:18,594 - INFO -   BGISEQ: 32,824 runs fetched
2026-04-19 02:17:39,081 - INFO -   LS454: 305,217 runs fetched
2026-04-19 02:17:40,176 - INFO -   COMPLETE_GENOMICS: 625 runs fetched
2026-04-19 02:17:52,505 - INFO - Short-read: 9,169,361 runs across 7,900,987 unique biosamples
2026-04-19 02:17:53,371 - INFO - Hybrid biosamples (long ∩ short): 9,179
2026-04-19 02:17:53,768 - INFO - Results saved to genome-dashboard/hybrid_mgx.json.gz
2026-04-19 02:17:53,768 - INFO - Done in 329.9s — 9,179 hybrid biosamples written.
2026-04-26 02:13:04,821 - INFO - Loading long-read data from local file: genome-dashboard/data_bacteria.json.gz
2026-04-26 02:13:05,204 - INFO -   Loaded 116,710 long-read runs (0 skipped — no biosample ID)
2026-04-26 02:13:05,287 - INFO - Long-read: 116,710 runs across 95,655 unique biosamples
2026-04-26 02:13:05,287 - INFO - Fetching short-read runs for tax_id=2...
2026-04-26 02:14:50,128 - INFO -   ILLUMINA: 3,810,242 runs fetched
2026-04-26 02:14:53,077 - INFO -   ION_TORRENT: 16,889 runs fetched
2026-04-26 02:14:55,059 - INFO -   BGISEQ: 9,654 runs fetched
2026-04-26 02:15:10,197 - INFO -   LS454: 21,962 runs fetched
2026-04-26 02:15:10,931 - INFO -   COMPLETE_GENOMICS: 1,236 runs fetched
2026-04-26 02:15:16,306 - INFO - Short-read: 3,859,983 runs across 3,661,222 unique biosamples
2026-04-26 02:15:16,717 - INFO - Hybrid biosamples (long ∩ short): 38,973
2026-04-26 02:15:18,593 - INFO - Results saved to genome-dashboard/hybrid_wgs.json.gz
2026-04-26 02:15:18,593 - INFO - Done in 133.8s — 38,973 hybrid biosamples written.
2026-04-26 02:15:19,692 - INFO - Loading long-read data from local file: genome-dashboard/data_metagenome.json.gz
2026-04-26 02:15:20,377 - INFO -   Loaded 217,741 long-read runs (0 skipped — no biosample ID)
2026-04-26 02:15:20,564 - INFO - Long-read: 217,741 runs across 189,123 unique biosamples
2026-04-26 02:15:20,564 - INFO - Fetching short-read runs for tax_id=408169...
2026-04-26 02:20:16,965 - INFO -   ILLUMINA: 8,678,600 runs fetched
2026-04-26 02:20:51,370 - INFO -   ION_TORRENT: 199,580 runs fetched
2026-04-26 02:20:58,235 - INFO -   BGISEQ: 33,127 runs fetched
2026-04-26 02:21:19,410 - INFO -   LS454: 305,273 runs fetched
2026-04-26 02:21:20,547 - INFO -   COMPLETE_GENOMICS: 625 runs fetched
2026-04-26 02:21:33,963 - INFO - Short-read: 9,217,205 runs across 7,944,319 unique biosamples
2026-04-26 02:21:34,887 - INFO - Hybrid biosamples (long ∩ short): 9,367
2026-04-26 02:21:35,403 - INFO - Results saved to genome-dashboard/hybrid_mgx.json.gz
2026-04-26 02:21:35,403 - INFO - Done in 375.7s — 9,367 hybrid biosamples written.
2026-05-03 02:29:26,745 - INFO - Loading long-read data from local file: genome-dashboard/data_bacteria.json.gz
2026-05-03 02:29:27,129 - INFO -   Loaded 117,014 long-read runs (0 skipped — no biosample ID)
2026-05-03 02:29:27,217 - INFO - Long-read: 117,014 runs across 95,959 unique biosamples
2026-05-03 02:29:27,218 - INFO - Fetching short-read runs for tax_id=2...
2026-05-03 02:31:07,000 - INFO -   ILLUMINA: 3,812,457 runs fetched
2026-05-03 02:31:10,799 - INFO -   ION_TORRENT: 16,889 runs fetched
2026-05-03 02:31:12,998 - INFO -   BGISEQ: 9,654 runs fetched
2026-05-03 02:31:16,095 - INFO -   LS454: 21,962 runs fetched
2026-05-03 02:31:17,595 - INFO -   COMPLETE_GENOMICS: 1,236 runs fetched
2026-05-03 02:31:23,373 - INFO - Short-read: 3,862,198 runs across 3,663,433 unique biosamples
2026-05-03 02:31:23,813 - INFO - Hybrid biosamples (long ∩ short): 38,975
2026-05-03 02:31:25,703 - INFO - Results saved to genome-dashboard/hybrid_wgs.json.gz
2026-05-03 02:31:25,703 - INFO - Done in 119.0s — 38,975 hybrid biosamples written.
2026-05-03 02:31:26,799 - INFO - Loading long-read data from local file: genome-dashboard/data_metagenome.json.gz
2026-05-03 02:31:27,490 - INFO -   Loaded 217,882 long-read runs (0 skipped — no biosample ID)
2026-05-03 02:31:27,679 - INFO - Long-read: 217,882 runs across 189,259 unique biosamples
2026-05-03 02:31:27,679 - INFO - Fetching short-read runs for tax_id=408169...
2026-05-03 02:35:58,592 - INFO -   ILLUMINA: 8,686,086 runs fetched
2026-05-03 02:36:08,179 - INFO -   ION_TORRENT: 199,580 runs fetched
2026-05-03 02:36:10,873 - INFO -   BGISEQ: 33,264 runs fetched
2026-05-03 02:36:22,333 - INFO -   LS454: 305,273 runs fetched
2026-05-03 02:36:23,630 - INFO -   COMPLETE_GENOMICS: 625 runs fetched
2026-05-03 02:36:38,781 - INFO - Short-read: 9,224,828 runs across 7,950,714 unique biosamples
2026-05-03 02:36:39,830 - INFO - Hybrid biosamples (long ∩ short): 9,404
2026-05-03 02:36:40,332 - INFO - Results saved to genome-dashboard/hybrid_mgx.json.gz
2026-05-03 02:36:40,332 - INFO - Done in 313.5s — 9,404 hybrid biosamples written.
2026-05-10 02:32:27,713 - INFO - Loading long-read data from local file: genome-dashboard/data_bacteria.json.gz
2026-05-10 02:32:28,116 - INFO -   Loaded 117,220 long-read runs (0 skipped — no biosample ID)
2026-05-10 02:32:28,207 - INFO - Long-read: 117,220 runs across 96,155 unique biosamples
2026-05-10 02:32:28,207 - INFO - Fetching short-read runs for tax_id=2...
2026-05-10 02:34:09,310 - INFO -   ILLUMINA: 3,819,005 runs fetched
2026-05-10 02:34:12,484 - INFO -   ION_TORRENT: 16,889 runs fetched
2026-05-10 02:34:14,653 - INFO -   BGISEQ: 9,661 runs fetched
2026-05-10 02:34:17,417 - INFO -   LS454: 21,962 runs fetched
2026-05-10 02:34:19,206 - INFO -   COMPLETE_GENOMICS: 1,238 runs fetched
2026-05-10 02:34:24,874 - INFO - Short-read: 3,868,755 runs across 3,669,256 unique biosamples
2026-05-10 02:34:25,309 - INFO - Hybrid biosamples (long ∩ short): 39,011
2026-05-10 02:34:27,238 - INFO - Results saved to genome-dashboard/hybrid_wgs.json.gz
2026-05-10 02:34:27,238 - INFO - Done in 119.5s — 39,011 hybrid biosamples written.
2026-05-10 02:34:28,349 - INFO - Loading long-read data from local file: genome-dashboard/data_metagenome.json.gz
2026-05-10 02:34:29,099 - INFO -   Loaded 218,926 long-read runs (0 skipped — no biosample ID)
2026-05-10 02:34:29,314 - INFO - Long-read: 218,926 runs across 190,250 unique biosamples
2026-05-10 02:34:29,314 - INFO - Fetching short-read runs for tax_id=408169...
2026-05-10 02:39:06,399 - INFO -   ILLUMINA: 8,722,741 runs fetched
2026-05-10 02:39:13,723 - INFO -   ION_TORRENT: 199,611 runs fetched
2026-05-10 02:39:16,723 - INFO -   BGISEQ: 33,392 runs fetched
2026-05-10 02:39:27,191 - INFO -   LS454: 305,369 runs fetched
2026-05-10 02:39:28,148 - INFO -   COMPLETE_GENOMICS: 625 runs fetched
2026-05-10 02:39:42,195 - INFO - Short-read: 9,261,738 runs across 7,982,580 unique biosamples
2026-05-10 02:39:43,232 - INFO - Hybrid biosamples (long ∩ short): 9,461
2026-05-10 02:39:43,770 - INFO - Results saved to genome-dashboard/hybrid_mgx.json.gz
2026-05-10 02:39:43,770 - INFO - Done in 315.4s — 9,461 hybrid biosamples written.
2026-05-17 02:39:30,675 - INFO - Loading long-read data from local file: genome-dashboard/data_bacteria.json.gz
2026-05-17 02:39:31,061 - INFO -   Loaded 117,363 long-read runs (0 skipped — no biosample ID)
2026-05-17 02:39:31,143 - INFO - Long-read: 117,363 runs across 96,298 unique biosamples
2026-05-17 02:39:31,144 - INFO - Fetching short-read runs for tax_id=2...
2026-05-17 02:41:25,431 - INFO -   ILLUMINA: 3,824,688 runs fetched
2026-05-17 02:41:28,942 - INFO -   ION_TORRENT: 16,890 runs fetched
2026-05-17 02:41:31,426 - INFO -   BGISEQ: 9,661 runs fetched
2026-05-17 02:41:34,744 - INFO -   LS454: 21,962 runs fetched
2026-05-17 02:41:36,004 - INFO -   COMPLETE_GENOMICS: 1,238 runs fetched
2026-05-17 02:41:41,314 - INFO - Short-read: 3,874,439 runs across 3,674,917 unique biosamples
2026-05-17 02:41:41,742 - INFO - Hybrid biosamples (long ∩ short): 39,031
2026-05-17 02:41:43,570 - INFO - Results saved to genome-dashboard/hybrid_wgs.json.gz
2026-05-17 02:41:43,570 - INFO - Done in 132.9s — 39,031 hybrid biosamples written.
2026-05-17 02:41:44,616 - INFO - Loading long-read data from local file: genome-dashboard/data_metagenome.json.gz
2026-05-17 02:41:45,317 - INFO -   Loaded 220,114 long-read runs (0 skipped — no biosample ID)
2026-05-17 02:41:45,496 - INFO - Long-read: 220,114 runs across 191,428 unique biosamples
2026-05-17 02:41:45,496 - INFO - Fetching short-read runs for tax_id=408169...
2026-05-17 02:46:25,519 - INFO -   ILLUMINA: 8,735,475 runs fetched
2026-05-17 02:46:33,451 - INFO -   ION_TORRENT: 199,893 runs fetched
2026-05-17 02:46:36,770 - INFO -   BGISEQ: 33,503 runs fetched
2026-05-17 02:46:44,957 - INFO -   LS454: 305,411 runs fetched
2026-05-17 02:46:46,349 - INFO -   COMPLETE_GENOMICS: 625 runs fetched
2026-05-17 02:46:59,487 - INFO - Short-read: 9,274,907 runs across 7,993,920 unique biosamples
2026-05-17 02:47:00,475 - INFO - Hybrid biosamples (long ∩ short): 9,461
2026-05-17 02:47:00,987 - INFO - Results saved to genome-dashboard/hybrid_mgx.json.gz
2026-05-17 02:47:00,988 - INFO - Done in 316.4s — 9,461 hybrid biosamples written.
2026-05-24 02:47:24,936 - INFO - Loading long-read data from local file: genome-dashboard/data_bacteria.json.gz
2026-05-24 02:47:25,324 - INFO -   Loaded 117,523 long-read runs (0 skipped — no biosample ID)
2026-05-24 02:47:25,430 - INFO - Long-read: 117,523 runs across 96,456 unique biosamples
2026-05-24 02:47:25,430 - INFO - Fetching short-read runs for tax_id=2...
2026-05-24 02:49:21,423 - INFO -   ILLUMINA: 3,837,866 runs fetched
2026-05-24 02:49:25,155 - INFO -   ION_TORRENT: 16,890 runs fetched
2026-05-24 02:49:27,009 - INFO -   BGISEQ: 9,664 runs fetched
2026-05-24 02:49:30,051 - INFO -   LS454: 21,962 runs fetched
2026-05-24 02:49:30,963 - INFO -   COMPLETE_GENOMICS: 1,238 runs fetched
2026-05-24 02:49:36,057 - INFO - Short-read: 3,887,620 runs across 3,688,085 unique biosamples
2026-05-24 02:49:36,463 - INFO - Hybrid biosamples (long ∩ short): 39,112
2026-05-24 02:49:38,309 - INFO - Results saved to genome-dashboard/hybrid_wgs.json.gz
2026-05-24 02:49:38,309 - INFO - Done in 133.4s — 39,112 hybrid biosamples written.
2026-05-24 02:49:39,355 - INFO - Loading long-read data from local file: genome-dashboard/data_metagenome.json.gz
2026-05-24 02:49:40,048 - INFO -   Loaded 220,406 long-read runs (0 skipped — no biosample ID)
2026-05-24 02:49:40,231 - INFO - Long-read: 220,406 runs across 191,720 unique biosamples
2026-05-24 02:49:40,231 - INFO - Fetching short-read runs for tax_id=408169...
2026-05-24 02:54:24,416 - INFO -   ILLUMINA: 8,758,069 runs fetched
2026-05-24 02:54:33,081 - INFO -   ION_TORRENT: 199,908 runs fetched
2026-05-24 02:54:35,494 - INFO -   BGISEQ: 33,503 runs fetched
2026-05-24 02:54:48,016 - INFO -   LS454: 305,411 runs fetched
2026-05-24 02:54:49,191 - INFO -   COMPLETE_GENOMICS: 625 runs fetched
2026-05-24 02:55:01,638 - INFO - Short-read: 9,297,516 runs across 8,014,825 unique biosamples
2026-05-24 02:55:02,555 - INFO - Hybrid biosamples (long ∩ short): 9,461
2026-05-24 02:55:03,050 - INFO - Results saved to genome-dashboard/hybrid_mgx.json.gz
2026-05-24 02:55:03,050 - INFO - Done in 323.7s — 9,461 hybrid biosamples written.
2026-05-31 02:56:49,749 - INFO - Loading long-read data from local file: genome-dashboard/data_bacteria.json.gz
2026-05-31 02:56:50,127 - INFO -   Loaded 117,579 long-read runs (0 skipped — no biosample ID)
2026-05-31 02:56:50,206 - INFO - Long-read: 117,579 runs across 96,512 unique biosamples
2026-05-31 02:56:50,206 - INFO - Fetching short-read runs for tax_id=2...
2026-05-31 02:59:42,190 - INFO -   ILLUMINA: 3,839,532 runs fetched
2026-05-31 02:59:46,746 - INFO -   ION_TORRENT: 16,890 runs fetched
2026-05-31 02:59:50,058 - INFO -   BGISEQ: 9,664 runs fetched
2026-05-31 03:00:04,583 - INFO -   LS454: 21,962 runs fetched
2026-05-31 03:00:06,136 - INFO -   COMPLETE_GENOMICS: 1,238 runs fetched
2026-05-31 03:00:11,069 - INFO - Short-read: 3,889,286 runs across 3,689,478 unique biosamples
2026-05-31 03:00:11,479 - INFO - Hybrid biosamples (long ∩ short): 39,134
2026-05-31 03:00:13,327 - INFO - Results saved to genome-dashboard/hybrid_wgs.json.gz
2026-05-31 03:00:13,327 - INFO - Done in 203.6s — 39,134 hybrid biosamples written.
2026-05-31 03:00:14,357 - INFO - Loading long-read data from local file: genome-dashboard/data_metagenome.json.gz
2026-05-31 03:00:15,050 - INFO -   Loaded 221,339 long-read runs (0 skipped — no biosample ID)
2026-05-31 03:00:15,230 - INFO - Long-read: 221,339 runs across 192,653 unique biosamples
2026-05-31 03:00:15,230 - INFO - Fetching short-read runs for tax_id=408169...
2026-05-31 03:05:18,416 - INFO -   ILLUMINA: 8,768,319 runs fetched
2026-05-31 03:05:49,082 - WARNING -   ION_TORRENT attempt 1 failed: Expecting ':' delimiter: line 395702 column 30 (char 47071234). Retrying in 5s...
2026-05-31 03:06:07,893 - INFO -   ION_TORRENT: 199,908 runs fetched
2026-05-31 03:06:14,905 - INFO -   BGISEQ: 33,503 runs fetched
2026-05-31 03:07:16,121 - INFO -   LS454: 305,411 runs fetched
2026-05-31 03:07:18,285 - INFO -   COMPLETE_GENOMICS: 625 runs fetched
2026-05-31 03:07:30,629 - INFO - Short-read: 9,307,766 runs across 8,024,742 unique biosamples
2026-05-31 03:07:31,569 - INFO - Hybrid biosamples (long ∩ short): 9,461
2026-05-31 03:07:32,086 - INFO - Results saved to genome-dashboard/hybrid_mgx.json.gz
2026-05-31 03:07:32,086 - INFO - Done in 437.7s — 9,461 hybrid biosamples written.
2026-06-07 03:24:07,010 - INFO - Loading long-read data from local file: genome-dashboard/data_bacteria.json.gz
2026-06-07 03:24:07,409 - INFO -   Loaded 118,117 long-read runs (0 skipped — no biosample ID)
2026-06-07 03:24:07,491 - INFO - Long-read: 118,117 runs across 97,037 unique biosamples
2026-06-07 03:24:07,491 - INFO - Fetching short-read runs for tax_id=2...
2026-06-07 03:25:47,924 - INFO -   ILLUMINA: 3,846,347 runs fetched
2026-06-07 03:25:50,237 - INFO -   ION_TORRENT: 16,917 runs fetched
2026-06-07 03:25:51,902 - INFO -   BGISEQ: 9,665 runs fetched
2026-06-07 03:25:54,292 - INFO -   LS454: 21,962 runs fetched
2026-06-07 03:25:55,335 - INFO -   COMPLETE_GENOMICS: 1,238 runs fetched
2026-06-07 03:26:00,710 - INFO - Short-read: 3,896,129 runs across 3,696,117 unique biosamples
2026-06-07 03:26:01,177 - INFO - Hybrid biosamples (long ∩ short): 39,243
2026-06-07 03:26:03,077 - INFO - Results saved to genome-dashboard/hybrid_wgs.json.gz
2026-06-07 03:26:03,078 - INFO - Done in 116.1s — 39,243 hybrid biosamples written.
2026-06-07 03:26:04,161 - INFO - Loading long-read data from local file: genome-dashboard/data_metagenome.json.gz
2026-06-07 03:26:04,867 - INFO -   Loaded 224,080 long-read runs (0 skipped — no biosample ID)
2026-06-07 03:26:05,070 - INFO - Long-read: 224,080 runs across 195,197 unique biosamples
2026-06-07 03:26:05,071 - INFO - Fetching short-read runs for tax_id=408169...
2026-06-07 03:31:12,925 - INFO -   ILLUMINA: 8,831,016 runs fetched
2026-06-07 03:31:17,973 - INFO -   ION_TORRENT: 200,194 runs fetched
2026-06-07 03:31:20,158 - INFO -   BGISEQ: 34,918 runs fetched
2026-06-07 03:31:29,013 - INFO -   LS454: 305,477 runs fetched
2026-06-07 03:31:29,900 - INFO -   COMPLETE_GENOMICS: 634 runs fetched
2026-06-07 03:31:43,095 - INFO - Short-read: 9,372,239 runs across 8,084,247 unique biosamples
2026-06-07 03:31:44,139 - INFO - Hybrid biosamples (long ∩ short): 9,599
2026-06-07 03:31:44,673 - INFO - Results saved to genome-dashboard/hybrid_mgx.json.gz
2026-06-07 03:31:44,673 - INFO - Done in 340.5s — 9,599 hybrid biosamples written.
